0 info it worked if it ends with ok
1 verbose cli [ '/usr/local/bin/node',
1 verbose cli   '/usr/local/bin/npm',
1 verbose cli   'install',
1 verbose cli   'webpack',
1 verbose cli   '-g' ]
2 info using npm@2.15.9
3 info using node@v4.6.0
4 verbose install initial load of /usr/local/lib/package.json
5 verbose readDependencies loading dependencies from /usr/local/lib/package.json
6 silly cache add args [ 'webpack', null ]
7 verbose cache add spec webpack
8 silly cache add parsed spec Result {
8 silly cache add   raw: 'webpack',
8 silly cache add   scope: null,
8 silly cache add   name: 'webpack',
8 silly cache add   rawSpec: '',
8 silly cache add   spec: 'latest',
8 silly cache add   type: 'tag' }
9 silly addNamed webpack@latest
10 verbose addNamed "latest" is being treated as a dist-tag for webpack
11 info addNameTag [ 'webpack', 'latest' ]
12 silly mapToRegistry name webpack
13 silly mapToRegistry using default registry
14 silly mapToRegistry registry https://registry.npmjs.org/
15 silly mapToRegistry data Result {
15 silly mapToRegistry   raw: 'webpack',
15 silly mapToRegistry   scope: null,
15 silly mapToRegistry   name: 'webpack',
15 silly mapToRegistry   rawSpec: '',
15 silly mapToRegistry   spec: 'latest',
15 silly mapToRegistry   type: 'tag' }
16 silly mapToRegistry uri https://registry.npmjs.org/webpack
17 verbose addNameTag registry:https://registry.npmjs.org/webpack not in flight; fetching
18 verbose request uri https://registry.npmjs.org/webpack
19 verbose request no auth needed
20 info attempt registry request try #1 at 2:31:24 PM
21 verbose request id 59611feb8f5502e0
22 http request GET https://registry.npmjs.org/webpack
23 http 200 https://registry.npmjs.org/webpack
24 verbose headers { server: 'nginx/1.10.1',
24 verbose headers   'content-type': 'application/json',
24 verbose headers   'last-modified': 'Wed, 22 Feb 2017 08:28:38 GMT',
24 verbose headers   etag: 'W/"58ad4bb6-e4b44"',
24 verbose headers   'content-encoding': 'gzip',
24 verbose headers   'cache-control': 'max-age=300',
24 verbose headers   'content-length': '48680',
24 verbose headers   'accept-ranges': 'bytes',
24 verbose headers   date: 'Wed, 22 Feb 2017 22:31:25 GMT',
24 verbose headers   via: '1.1 varnish',
24 verbose headers   age: '7',
24 verbose headers   connection: 'keep-alive',
24 verbose headers   'x-served-by': 'cache-sjc3623-SJC',
24 verbose headers   'x-cache': 'HIT',
24 verbose headers   'x-cache-hits': '1',
24 verbose headers   'x-timer': 'S1487802685.104760,VS0,VE2',
24 verbose headers   vary: 'Accept-Encoding' }
25 silly get cb [ 200,
25 silly get   { server: 'nginx/1.10.1',
25 silly get     'content-type': 'application/json',
25 silly get     'last-modified': 'Wed, 22 Feb 2017 08:28:38 GMT',
25 silly get     etag: 'W/"58ad4bb6-e4b44"',
25 silly get     'content-encoding': 'gzip',
25 silly get     'cache-control': 'max-age=300',
25 silly get     'content-length': '48680',
25 silly get     'accept-ranges': 'bytes',
25 silly get     date: 'Wed, 22 Feb 2017 22:31:25 GMT',
25 silly get     via: '1.1 varnish',
25 silly get     age: '7',
25 silly get     connection: 'keep-alive',
25 silly get     'x-served-by': 'cache-sjc3623-SJC',
25 silly get     'x-cache': 'HIT',
25 silly get     'x-cache-hits': '1',
25 silly get     'x-timer': 'S1487802685.104760,VS0,VE2',
25 silly get     vary: 'Accept-Encoding' } ]
26 verbose get saving webpack to /Users/null/.npm/registry.npmjs.org/webpack/.cache.json
27 verbose correctMkdir /Users/null/.npm correctMkdir not in flight; initializing
28 silly addNameTag next cb for webpack with tag latest
29 silly addNamed webpack@2.2.1
30 verbose addNamed "2.2.1" is a plain semver version for webpack
31 silly mapToRegistry name webpack
32 silly mapToRegistry using default registry
33 silly mapToRegistry registry https://registry.npmjs.org/
34 silly mapToRegistry data Result {
34 silly mapToRegistry   raw: 'webpack',
34 silly mapToRegistry   scope: null,
34 silly mapToRegistry   name: 'webpack',
34 silly mapToRegistry   rawSpec: '',
34 silly mapToRegistry   spec: 'latest',
34 silly mapToRegistry   type: 'tag' }
35 silly mapToRegistry uri https://registry.npmjs.org/webpack
36 verbose addRemoteTarball https://registry.npmjs.org/webpack/-/webpack-2.2.1.tgz not in flight; adding
37 verbose addRemoteTarball [ 'https://registry.npmjs.org/webpack/-/webpack-2.2.1.tgz',
37 verbose addRemoteTarball   '7bb1d72ae2087dd1a4af526afec15eed17dda475' ]
38 info retry fetch attempt 1 at 2:31:25 PM
39 info attempt registry request try #1 at 2:31:25 PM
40 http fetch GET https://registry.npmjs.org/webpack/-/webpack-2.2.1.tgz
41 http fetch 200 https://registry.npmjs.org/webpack/-/webpack-2.2.1.tgz
42 silly fetchAndShaCheck shasum 7bb1d72ae2087dd1a4af526afec15eed17dda475
43 verbose addTmpTarball /var/folders/nt/c6rm9b_n437_25t37_0j0d3h0000gn/T/npm-14838-8980861f/registry.npmjs.org/webpack/-/webpack-2.2.1.tgz not in flight; adding
44 verbose addTmpTarball already have metadata; skipping unpack for webpack@2.2.1
45 verbose correctMkdir /Users/null/.npm correctMkdir not in flight; initializing
46 silly cache afterAdd webpack@2.2.1
47 verbose afterAdd /Users/null/.npm/webpack/2.2.1/package/package.json not in flight; writing
48 verbose correctMkdir /Users/null/.npm correctMkdir not in flight; initializing
49 verbose afterAdd /Users/null/.npm/webpack/2.2.1/package/package.json written
50 silly install resolved [ { name: 'webpack',
50 silly install resolved     version: '2.2.1',
50 silly install resolved     author: { name: 'Tobias Koppers @sokra' },
50 silly install resolved     description: 'Packs CommonJs/AMD modules for the browser. Allows to split your codebase into multiple bundles, which can be loaded on demand. Support loaders to preprocess files, i.e. json, jsx, es7, css, less, ... and your custom stuff.',
50 silly install resolved     dependencies:
50 silly install resolved      { acorn: '^4.0.4',
50 silly install resolved        'acorn-dynamic-import': '^2.0.0',
50 silly install resolved        ajv: '^4.7.0',
50 silly install resolved        'ajv-keywords': '^1.1.1',
50 silly install resolved        async: '^2.1.2',
50 silly install resolved        'enhanced-resolve': '^3.0.0',
50 silly install resolved        interpret: '^1.0.0',
50 silly install resolved        'json-loader': '^0.5.4',
50 silly install resolved        'loader-runner': '^2.3.0',
50 silly install resolved        'loader-utils': '^0.2.16',
50 silly install resolved        'memory-fs': '~0.4.1',
50 silly install resolved        mkdirp: '~0.5.0',
50 silly install resolved        'node-libs-browser': '^2.0.0',
50 silly install resolved        'source-map': '^0.5.3',
50 silly install resolved        'supports-color': '^3.1.0',
50 silly install resolved        tapable: '~0.2.5',
50 silly install resolved        'uglify-js': '^2.7.5',
50 silly install resolved        watchpack: '^1.2.0',
50 silly install resolved        'webpack-sources': '^0.1.4',
50 silly install resolved        yargs: '^6.0.0' },
50 silly install resolved     license: 'MIT',
50 silly install resolved     devDependencies:
50 silly install resolved      { 'beautify-lint': '^1.0.3',
50 silly install resolved        benchmark: '^2.1.1',
50 silly install resolved        'bundle-loader': '~0.5.0',
50 silly install resolved        'codecov.io': '^0.1.2',
50 silly install resolved        'coffee-loader': '~0.7.1',
50 silly install resolved        'coffee-script': '^1.10.0',
50 silly install resolved        coveralls: '^2.11.2',
50 silly install resolved        'css-loader': '~0.25.0',
50 silly install resolved        'es6-promise-polyfill': '^1.1.1',
50 silly install resolved        eslint: '3.12.2',
50 silly install resolved        'eslint-plugin-node': '^3.0.5',
50 silly install resolved        express: '~4.13.1',
50 silly install resolved        'extract-text-webpack-plugin': '^2.0.0-beta',
50 silly install resolved        'file-loader': '~0.9.0',
50 silly install resolved        'i18n-webpack-plugin': '^0.3.0',
50 silly install resolved        istanbul: '^0.4.5',
50 silly install resolved        jade: '^1.11.0',
50 silly install resolved        'jade-loader': '~0.8.0',
50 silly install resolved        'js-beautify': '^1.5.10',
50 silly install resolved        less: '^2.5.1',
50 silly install resolved        'less-loader': '^2.0.0',
50 silly install resolved        lodash: '^4.17.4',
50 silly install resolved        mocha: '^3.2.0',
50 silly install resolved        'mocha-lcov-reporter': '^1.0.0',
50 silly install resolved        nsp: '^2.6.1',
50 silly install resolved        'raw-loader': '~0.5.0',
50 silly install resolved        react: '^15.2.1',
50 silly install resolved        'react-dom': '^15.2.1',
50 silly install resolved        'script-loader': '~0.7.0',
50 silly install resolved        should: '^11.1.1',
50 silly install resolved        'simple-git': '^1.65.0',
50 silly install resolved        sinon: '^1.17.7',
50 silly install resolved        'style-loader': '~0.13.0',
50 silly install resolved        'url-loader': '~0.5.0',
50 silly install resolved        'val-loader': '~0.5.0',
50 silly install resolved        'vm-browserify': '~0.0.0',
50 silly install resolved        'webpack-dev-middleware': '^1.9.0',
50 silly install resolved        'worker-loader': '~0.7.0' },
50 silly install resolved     engines: { node: '>=4.3.0 <5.0.0 || >=5.10' },
50 silly install resolved     repository:
50 silly install resolved      { type: 'git',
50 silly install resolved        url: 'git+https://github.com/webpack/webpack.git' },
50 silly install resolved     homepage: 'https://github.com/webpack/webpack',
50 silly install resolved     main: 'lib/webpack.js',
50 silly install resolved     web: 'lib/webpack.web.js',
50 silly install resolved     bin: { webpack: './bin/webpack.js' },
50 silly install resolved     files: [ 'lib/', 'bin/', 'buildin/', 'hot/', 'web_modules/', 'schemas/' ],
50 silly install resolved     scripts:
50 silly install resolved      { test: 'mocha test/*.test.js --harmony --check-leaks',
50 silly install resolved        'travis:test': 'npm run cover:min',
50 silly install resolved        'travis:lint': 'npm run lint-files && npm run nsp',
50 silly install resolved        'travis:benchmark': 'npm run benchmark',
50 silly install resolved        'appveyor:test': 'node --max_old_space_size=4096 node_modules\\mocha\\bin\\mocha --harmony test/*.test.js',
50 silly install resolved        'appveyor:benchmark': 'npm run benchmark',
50 silly install resolved        'build:examples': 'cd examples && node buildAll.js',
50 silly install resolved        pretest: 'npm run lint-files',
50 silly install resolved        'lint-files': 'npm run lint && npm run beautify-lint',
50 silly install resolved        lint: 'eslint lib bin hot buildin test/**/webpack.config.js test/binCases/**/test.js examples/**/webpack.config.js',
50 silly install resolved        'beautify-lint': 'beautify-lint \'lib/**/*.js\' \'hot/**/*.js\' \'bin/**/*.js\' \'benchmark/*.js\' \'test/*.js\'',
50 silly install resolved        nsp: 'nsp check --output summary',
50 silly install resolved        benchmark: 'mocha test/*.benchmark.js --harmony -R spec',
50 silly install resolved        cover: 'node --harmony ./node_modules/istanbul/lib/cli.js cover -x \'**/*.runtime.js\' node_modules/mocha/bin/_mocha -- test/*.test.js',
50 silly install resolved        'cover:min': 'node --harmony ./node_modules/.bin/istanbul cover -x \'**/*.runtime.js\' --report lcovonly node_modules/mocha/bin/_mocha -- test/*.test.js',
50 silly install resolved        'publish-patch': 'npm run lint && npm run beautify-lint && mocha && npm version patch && git push && git push --tags && npm publish' },
50 silly install resolved     gitHead: '0445b156d2c958536b72036e68ca6bde0ad32055',
50 silly install resolved     bugs: { url: 'https://github.com/webpack/webpack/issues' },
50 silly install resolved     _id: 'webpack@2.2.1',
50 silly install resolved     _shasum: '7bb1d72ae2087dd1a4af526afec15eed17dda475',
50 silly install resolved     _from: 'webpack@latest',
50 silly install resolved     _npmVersion: '4.0.5',
50 silly install resolved     _nodeVersion: '7.4.0',
50 silly install resolved     _npmUser: { name: 'sokra', email: 'tobias.koppers@googlemail.com' },
50 silly install resolved     dist:
50 silly install resolved      { shasum: '7bb1d72ae2087dd1a4af526afec15eed17dda475',
50 silly install resolved        tarball: 'https://registry.npmjs.org/webpack/-/webpack-2.2.1.tgz' },
50 silly install resolved     maintainers: [ [Object], [Object], [Object] ],
50 silly install resolved     _npmOperationalInternal:
50 silly install resolved      { host: 'packages-12-west.internal.npmjs.com',
50 silly install resolved        tmp: 'tmp/webpack-2.2.1.tgz_1485810809909_0.843520789872855' },
50 silly install resolved     directories: {},
50 silly install resolved     _resolved: 'https://registry.npmjs.org/webpack/-/webpack-2.2.1.tgz' } ]
51 info install webpack@2.2.1 into /usr/local/lib
52 info installOne webpack@2.2.1
53 verbose installOne of webpack to /usr/local/lib not in flight; installing
54 verbose correctMkdir /Users/null/.npm/_locks correctMkdir not in flight; initializing
55 verbose lock using /Users/null/.npm/_locks/webpack-865c90cad072eb35.lock for /usr/local/lib/node_modules/webpack
56 silly install write writing webpack 2.2.1 to /usr/local/lib/node_modules/webpack
57 verbose unbuild lib/node_modules/webpack
58 silly gentlyRm /usr/local/lib/node_modules/webpack is being purged from base /usr/local
59 verbose gentlyRm don't care about contents; nuking /usr/local/lib/node_modules/webpack
60 verbose tar unpack /Users/null/.npm/webpack/2.2.1/package.tgz
61 verbose tar unpacking to /usr/local/lib/node_modules/webpack
62 silly gentlyRm /usr/local/lib/node_modules/webpack is being purged
63 verbose gentlyRm don't care about contents; nuking /usr/local/lib/node_modules/webpack
64 silly gunzTarPerm modes [ '755', '644' ]
65 error tar.unpack untar error /Users/null/.npm/webpack/2.2.1/package.tgz
66 verbose unlock done using /Users/null/.npm/_locks/webpack-865c90cad072eb35.lock for /usr/local/lib/node_modules/webpack
67 verbose fstream_path /usr/local/lib/node_modules/webpack
68 verbose fstream_type Directory
69 verbose fstream_class DirWriter
70 verbose stack Error: EACCES: permission denied, mkdir '/usr/local/lib/node_modules/webpack'
70 verbose stack     at Error (native)
71 verbose fstream_stack /usr/local/lib/node_modules/npm/node_modules/fstream/lib/dir-writer.js:35:25
71 verbose fstream_stack /usr/local/lib/node_modules/npm/node_modules/mkdirp/index.js:47:53
71 verbose fstream_stack FSReqWrap.oncomplete (fs.js:82:15)
72 verbose cwd /Users/null/Documents/github/charms
73 error Darwin 16.4.0
74 error argv "/usr/local/bin/node" "/usr/local/bin/npm" "install" "webpack" "-g"
75 error node v4.6.0
76 error npm  v2.15.9
77 error path /usr/local/lib/node_modules/webpack
78 error code EACCES
79 error errno -13
80 error syscall mkdir
81 error Error: EACCES: permission denied, mkdir '/usr/local/lib/node_modules/webpack'
81 error     at Error (native)
81 error  { [Error: EACCES: permission denied, mkdir '/usr/local/lib/node_modules/webpack']
81 error   errno: -13,
81 error   code: 'EACCES',
81 error   syscall: 'mkdir',
81 error   path: '/usr/local/lib/node_modules/webpack',
81 error   fstream_type: 'Directory',
81 error   fstream_path: '/usr/local/lib/node_modules/webpack',
81 error   fstream_class: 'DirWriter',
81 error   fstream_stack:
81 error    [ '/usr/local/lib/node_modules/npm/node_modules/fstream/lib/dir-writer.js:35:25',
81 error      '/usr/local/lib/node_modules/npm/node_modules/mkdirp/index.js:47:53',
81 error      'FSReqWrap.oncomplete (fs.js:82:15)' ] }
82 error Please try running this command again as root/Administrator.
83 verbose exit [ -13, true ]
84 verbose unbuild lib/node_modules/webpack
85 silly gentlyRm /usr/local/lib/node_modules/webpack is being purged from base /usr/local
86 verbose gentlyRm don't care about contents; nuking /usr/local/lib/node_modules/webpack
